{"C:\\Users\\n1mz\\Desktop\\Repository\\CSUN\\Forked-CSUN-Dashboard\\CSUN-Dashboard\\code-assets\\frontend\\csun-dash\\src\\classCodes.js": {"path":"C:\\Users\\n1mz\\Desktop\\Repository\\CSUN\\Forked-CSUN-Dashboard\\CSUN-Dashboard\\code-assets\\frontend\\csun-dash\\src\\classCodes.js","statementMap":{"0":{"start":{"line":1,"column":27},"end":{"line":1,"column":738}}},"fnMap":{},"branchMap":{},"s":{"0":1},"f":{},"b":{},"_coverageSchema":"1a1c01bbd47fc00a2c39e90264f33305004495a9","hash":"3fe0d0f3262df8bfa558f05deccdd7ea302333a7"}
,"C:\\Users\\n1mz\\Desktop\\Repository\\CSUN\\Forked-CSUN-Dashboard\\CSUN-Dashboard\\code-assets\\frontend\\csun-dash\\src\\components\\Header.js": {"path":"C:\\Users\\n1mz\\Desktop\\Repository\\CSUN\\Forked-CSUN-Dashboard\\CSUN-Dashboard\\code-assets\\frontend\\csun-dash\\src\\components\\Header.js","statementMap":{"0":{"start":{"line":7,"column":4},"end":{"line":20,"column":5}},"1":{"start":{"line":25,"column":24},"end":{"line":32,"column":1}},"2":{"start":{"line":34,"column":13},"end":{"line":42,"column":1}},"3":{"start":{"line":44,"column":26},"end":{"line":51,"column":1}},"4":{"start":{"line":53,"column":13},"end":{"line":55,"column":1}}},"fnMap":{"0":{"name":"Header","decl":{"start":{"line":6,"column":9},"end":{"line":6,"column":15}},"loc":{"start":{"line":6,"column":23},"end":{"line":21,"column":1}},"line":6}},"branchMap":{},"s":{"0":0,"1":1,"2":1,"3":1,"4":1},"f":{"0":0},"b":{},"_coverageSchema":"1a1c01bbd47fc00a2c39e90264f33305004495a9","hash":"3747e43526729a3e3d5581e5fe7a4cf4ea1c486c"}
,"C:\\Users\\n1mz\\Desktop\\Repository\\CSUN\\Forked-CSUN-Dashboard\\CSUN-Dashboard\\code-assets\\frontend\\csun-dash\\src\\elements\\Professor_Search\\ProfessorsSearchBody.js": {"path":"C:\\Users\\n1mz\\Desktop\\Repository\\CSUN\\Forked-CSUN-Dashboard\\CSUN-Dashboard\\code-assets\\frontend\\csun-dash\\src\\elements\\Professor_Search\\ProfessorsSearchBody.js","statementMap":{"0":{"start":{"line":15,"column":40},"end":{"line":15,"column":52}},"1":{"start":{"line":17,"column":4},"end":{"line":21,"column":23}},"2":{"start":{"line":18,"column":8},"end":{"line":18,"column":36}},"3":{"start":{"line":23,"column":4},"end":{"line":44,"column":5}},"4":{"start":{"line":38,"column":28},"end":{"line":38,"column":74}},"5":{"start":{"line":49,"column":21},"end":{"line":54,"column":1}}},"fnMap":{"0":{"name":"ProfessorsSearchPage","decl":{"start":{"line":14,"column":9},"end":{"line":14,"column":29}},"loc":{"start":{"line":14,"column":49},"end":{"line":45,"column":1}},"line":14},"1":{"name":"(anonymous_1)","decl":{"start":{"line":17,"column":14},"end":{"line":17,"column":15}},"loc":{"start":{"line":17,"column":20},"end":{"line":21,"column":5}},"line":17},"2":{"name":"(anonymous_2)","decl":{"start":{"line":37,"column":40},"end":{"line":37,"column":41}},"loc":{"start":{"line":38,"column":28},"end":{"line":38,"column":74}},"line":38}},"branchMap":{},"s":{"0":0,"1":0,"2":0,"3":0,"4":0,"5":1},"f":{"0":0,"1":0,"2":0},"b":{},"_coverageSchema":"1a1c01bbd47fc00a2c39e90264f33305004495a9","hash":"b632f80819399a631084e51305ce2d05597852a1"}
,"C:\\Users\\n1mz\\Desktop\\Repository\\CSUN\\Forked-CSUN-Dashboard\\CSUN-Dashboard\\code-assets\\frontend\\csun-dash\\src\\elements\\Professor_Search\\SubjectSearchDropdown.js": {"path":"C:\\Users\\n1mz\\Desktop\\Repository\\CSUN\\Forked-CSUN-Dashboard\\CSUN-Dashboard\\code-assets\\frontend\\csun-dash\\src\\elements\\Professor_Search\\SubjectSearchDropdown.js","statementMap":{"0":{"start":{"line":12,"column":4},"end":{"line":32,"column":5}},"1":{"start":{"line":27,"column":24},"end":{"line":27,"column":96}},"2":{"start":{"line":38,"column":24},"end":{"line":43,"column":1}},"3":{"start":{"line":45,"column":22},"end":{"line":49,"column":1}}},"fnMap":{"0":{"name":"SubjectSearchDropdown","decl":{"start":{"line":11,"column":9},"end":{"line":11,"column":30}},"loc":{"start":{"line":11,"column":65},"end":{"line":33,"column":1}},"line":11},"1":{"name":"(anonymous_1)","decl":{"start":{"line":26,"column":37},"end":{"line":26,"column":38}},"loc":{"start":{"line":27,"column":24},"end":{"line":27,"column":96}},"line":27}},"branchMap":{},"s":{"0":0,"1":0,"2":1,"3":1},"f":{"0":0,"1":0},"b":{},"_coverageSchema":"1a1c01bbd47fc00a2c39e90264f33305004495a9","hash":"64be917417984dddb57d538d4daba093ddc56366"}
,"C:\\Users\\n1mz\\Desktop\\Repository\\CSUN\\Forked-CSUN-Dashboard\\CSUN-Dashboard\\code-assets\\frontend\\csun-dash\\src\\elements\\Professor_Search\\Data_Table_Components\\DataTableRow.js": {"path":"C:\\Users\\n1mz\\Desktop\\Repository\\CSUN\\Forked-CSUN-Dashboard\\CSUN-Dashboard\\code-assets\\frontend\\csun-dash\\src\\elements\\Professor_Search\\Data_Table_Components\\DataTableRow.js","statementMap":{"0":{"start":{"line":20,"column":16},"end":{"line":20,"column":25}},"1":{"start":{"line":21,"column":34},"end":{"line":21,"column":49}},"2":{"start":{"line":22,"column":4},"end":{"line":22,"column":20}},"3":{"start":{"line":24,"column":4},"end":{"line":63,"column":5}},"4":{"start":{"line":30,"column":39},"end":{"line":30,"column":59}},"5":{"start":{"line":69,"column":17},"end":{"line":71,"column":1}},"6":{"start":{"line":73,"column":19},"end":{"line":76,"column":1}},"7":{"start":{"line":78,"column":21},"end":{"line":80,"column":1}},"8":{"start":{"line":82,"column":22},"end":{"line":86,"column":1}},"9":{"start":{"line":88,"column":25},"end":{"line":93,"column":1}}},"fnMap":{"0":{"name":"DataTableRow","decl":{"start":{"line":19,"column":9},"end":{"line":19,"column":21}},"loc":{"start":{"line":19,"column":37},"end":{"line":64,"column":1}},"line":19},"1":{"name":"(anonymous_1)","decl":{"start":{"line":30,"column":33},"end":{"line":30,"column":34}},"loc":{"start":{"line":30,"column":39},"end":{"line":30,"column":59}},"line":30}},"branchMap":{"0":{"loc":{"start":{"line":31,"column":25},"end":{"line":31,"column":86}},"type":"cond-expr","locations":[{"start":{"line":31,"column":35},"end":{"line":31,"column":58}},{"start":{"line":31,"column":61},"end":{"line":31,"column":86}}],"line":31}},"s":{"0":0,"1":0,"2":0,"3":0,"4":0,"5":1,"6":1,"7":1,"8":1,"9":1},"f":{"0":0,"1":0},"b":{"0":[0,0]},"_coverageSchema":"1a1c01bbd47fc00a2c39e90264f33305004495a9","hash":"0b1594100ccdb3c825f5ea6fec1605026fabaed5"}
,"C:\\Users\\n1mz\\Desktop\\Repository\\CSUN\\Forked-CSUN-Dashboard\\CSUN-Dashboard\\code-assets\\frontend\\csun-dash\\src\\pages\\ProfessorSearchPage.js": {"path":"C:\\Users\\n1mz\\Desktop\\Repository\\CSUN\\Forked-CSUN-Dashboard\\CSUN-Dashboard\\code-assets\\frontend\\csun-dash\\src\\pages\\ProfessorSearchPage.js","statementMap":{"0":{"start":{"line":8,"column":46},"end":{"line":8,"column":58}},"1":{"start":{"line":9,"column":34},"end":{"line":9,"column":46}},"2":{"start":{"line":13,"column":8},"end":{"line":13,"column":38}},"3":{"start":{"line":15,"column":8},"end":{"line":25,"column":14}},"4":{"start":{"line":16,"column":30},"end":{"line":16,"column":45}},"5":{"start":{"line":18,"column":38},"end":{"line":18,"column":40}},"6":{"start":{"line":20,"column":16},"end":{"line":22,"column":18}},"7":{"start":{"line":21,"column":20},"end":{"line":21,"column":51}},"8":{"start":{"line":24,"column":16},"end":{"line":24,"column":49}},"9":{"start":{"line":30,"column":4},"end":{"line":46,"column":5}}},"fnMap":{"0":{"name":"ProfessorsSearchPage","decl":{"start":{"line":7,"column":9},"end":{"line":7,"column":29}},"loc":{"start":{"line":7,"column":32},"end":{"line":47,"column":1}},"line":7},"1":{"name":"handleSubjectChange","decl":{"start":{"line":12,"column":13},"end":{"line":12,"column":32}},"loc":{"start":{"line":12,"column":40},"end":{"line":28,"column":5}},"line":12},"2":{"name":"(anonymous_2)","decl":{"start":{"line":16,"column":18},"end":{"line":16,"column":19}},"loc":{"start":{"line":16,"column":30},"end":{"line":16,"column":45}},"line":16},"3":{"name":"(anonymous_3)","decl":{"start":{"line":17,"column":18},"end":{"line":17,"column":19}},"loc":{"start":{"line":17,"column":32},"end":{"line":25,"column":13}},"line":17},"4":{"name":"(anonymous_4)","decl":{"start":{"line":20,"column":31},"end":{"line":20,"column":32}},"loc":{"start":{"line":20,"column":46},"end":{"line":22,"column":17}},"line":20}},"branchMap":{"0":{"loc":{"start":{"line":40,"column":13},"end":{"line":43,"column":138}},"type":"cond-expr","locations":[{"start":{"line":41,"column":16},"end":{"line":43,"column":18}},{"start":{"line":43,"column":21},"end":{"line":43,"column":138}}],"line":40},"1":{"loc":{"start":{"line":43,"column":21},"end":{"line":43,"column":138}},"type":"cond-expr","locations":[{"start":{"line":43,"column":32},"end":{"line":43,"column":43}},{"start":{"line":43,"column":46},"end":{"line":43,"column":138}}],"line":43}},"s":{"0":0,"1":0,"2":0,"3":0,"4":0,"5":0,"6":0,"7":0,"8":0,"9":0},"f":{"0":0,"1":0,"2":0,"3":0,"4":0},"b":{"0":[0,0],"1":[0,0]},"_coverageSchema":"1a1c01bbd47fc00a2c39e90264f33305004495a9","hash":"e0232ff801b06409837f2edebb9cddb34ac5e5aa"}
,"C:\\Users\\n1mz\\Desktop\\Repository\\CSUN\\Forked-CSUN-Dashboard\\CSUN-Dashboard\\test\\frontend\\sum.js": {"path":"C:\\Users\\n1mz\\Desktop\\Repository\\CSUN\\Forked-CSUN-Dashboard\\CSUN-Dashboard\\test\\frontend\\sum.js","statementMap":{"0":{"start":{"line":2,"column":4},"end":{"line":2,"column":17}},"1":{"start":{"line":4,"column":2},"end":{"line":4,"column":23}}},"fnMap":{"0":{"name":"sum","decl":{"start":{"line":1,"column":9},"end":{"line":1,"column":12}},"loc":{"start":{"line":1,"column":19},"end":{"line":3,"column":3}},"line":1}},"branchMap":{},"s":{"0":1,"1":1},"f":{"0":1},"b":{},"_coverageSchema":"1a1c01bbd47fc00a2c39e90264f33305004495a9","hash":"5a6e2e983150450b1c8633d125689ba359e48ffc"}
}
